Base path: C:/Program Files/Unity/Hub/Editor/2018.3.7f1/Editor/Data
Cmd: initializeCompiler
Cmd: initializeCompiler
Cmd: initializeCompiler
Cmd: initializeCompiler
Cmd: initializeCompiler
Cmd: preprocess
  insize=9226 outsize=1692 ok=1
Cmd: preprocess
  insize=11027 outsize=567 ok=1
Cmd: preprocess
  insize=1130 outsize=342 ok=1
Cmd: preprocess
  insize=11311 outsize=638 ok=1
Cmd: preprocess
  insize=1687 outsize=301 ok=1
Cmd: preprocess
  insize=929 outsize=298 ok=1
Cmd: preprocess
  insize=992 outsize=257 ok=1
Cmd: preprocess
  insize=2050 outsize=435 ok=1
Cmd: preprocess
  insize=1385 outsize=355 ok=1
Cmd: preprocess
  insize=3924 outsize=544 ok=1
Cmd: preprocess
  insize=1229 outsize=351 ok=1
Cmd: preprocess
  insize=6629 outsize=620 ok=1
Cmd: preprocess
  insize=1300 outsize=257 ok=1
Cmd: preprocess
  insize=2911 outsize=624 ok=1
Cmd: preprocess
  insize=882 outsize=245 ok=1
Cmd: preprocess
  insize=1511 outsize=333 ok=1
Cmd: preprocess
  insize=1460 outsize=294 ok=1
Cmd: preprocess
  insize=1867 outsize=223 ok=1
Cmd: preprocess
  insize=1407 outsize=298 ok=1
Cmd: preprocess
  insize=1322 outsize=271 ok=1
Cmd: preprocess
  insize=2297 outsize=587 ok=1
Cmd: preprocess
  insize=964 outsize=220 ok=1
Cmd: preprocess
  insize=701 outsize=269 ok=1
Cmd: preprocess
  insize=6603 outsize=844 ok=1
Cmd: preprocess
  insize=32858 outsize=223 ok=1
Cmd: preprocess
  insize=1198 outsize=209 ok=1
Cmd: preprocess
  insize=4488 outsize=408 ok=1
Cmd: preprocess
  insize=990 outsize=217 ok=1
Cmd: preprocess
  insize=5826 outsize=1426 ok=1
Cmd: preprocess
  insize=13376 outsize=1638 ok=1
Cmd: preprocess
  insize=1024 outsize=301 ok=1
Cmd: preprocess
  insize=6201 outsize=570 ok=1
Cmd: preprocess
  insize=2833 outsize=600 ok=1
Cmd: preprocess
  insize=11755 outsize=2420 ok=1
Cmd: preprocess
  insize=13864 outsize=1928 ok=1
Cmd: preprocess
  insize=1908 outsize=375 ok=1
Cmd: preprocess
  insize=1943 outsize=245 ok=1
Cmd: preprocess
  insize=26132 outsize=3372 ok=1
Cmd: preprocess
  insize=4000 outsize=436 ok=1
Cmd: preprocess
  insize=2139 outsize=247 ok=1
Cmd: preprocess
  insize=1166 outsize=301 ok=1
Cmd: preprocess
  insize=1173 outsize=371 ok=1
Cmd: preprocess
  insize=737 outsize=217 ok=1
Cmd: preprocess
  insize=5860 outsize=694 ok=1
Cmd: preprocess
  insize=6086 outsize=578 ok=1
Cmd: preprocess
  insize=584 outsize=309 ok=1
Cmd: preprocess
  insize=8523 outsize=840 ok=1
Cmd: preprocess
  insize=32868 outsize=223 ok=1
Cmd: preprocess
  insize=5284 outsize=1689 ok=1
Cmd: preprocess
  insize=6935 outsize=202 ok=1
Cmd: preprocess
  insize=5497 outsize=354 ok=1
Cmd: preprocess
  insize=5318 outsize=727 ok=1
Cmd: preprocess
  insize=5893 outsize=1091 ok=1
Cmd: preprocess
  insize=714 outsize=254 ok=1
Cmd: preprocess
  insize=720 outsize=266 ok=1
Cmd: preprocess
  insize=4342 outsize=502 ok=1
Cmd: preprocess
  insize=860 outsize=243 ok=1
Cmd: preprocess
  insize=1460 outsize=240 ok=1
Cmd: preprocess
  insize=2013 outsize=883 ok=1
Cmd: preprocess
  insize=5159 outsize=602 ok=1
Cmd: preprocess
  insize=1079 outsize=436 ok=1
Cmd: preprocess
  insize=1138 outsize=332 ok=1
Cmd: preprocess
  insize=511 outsize=209 ok=1
Cmd: preprocess
  insize=717 outsize=258 ok=1
Cmd: preprocess
  insize=5642 outsize=760 ok=1
Cmd: compileSnippet
  api=4 type=0 insize=1564 outsize=1894 kw=UNITY_PASS_FORWARDBASE DIRECTIONAL LIGHTPROBE_SH _EMISSION pd=UNITY_ENABLE_REFLECTION_BUFFERS UNITY_USE_DITHER_MASK_FOR_ALPHABLENDED_SHADOWS UNITY_PBS_USE_BRDF1 UNITY_SPECCUBE_BOX_PROJECTION UNITY_SPECCUBE_BLENDING UNITY_ENABLE_DETAIL_NORMALMAP SHADER_API_DESKTOP UNITY_COLORSPACE_GAMMA UNITY_LIGHT_PROBE_PROXY_VOLUME UNITY_LIGHTMAP_FULL_HDR ok=1
Cmd: compileSnippet
  api=4 type=1 insize=1564 outsize=6918 kw=UNITY_PASS_FORWARDBASE DIRECTIONAL LIGHTPROBE_SH _EMISSION pd=UNITY_ENABLE_REFLECTION_BUFFERS UNITY_USE_DITHER_MASK_FOR_ALPHABLENDED_SHADOWS UNITY_PBS_USE_BRDF1 UNITY_SPECCUBE_BOX_PROJECTION UNITY_SPECCUBE_BLENDING UNITY_ENABLE_DETAIL_NORMALMAP SHADER_API_DESKTOP UNITY_COLORSPACE_GAMMA UNITY_LIGHT_PROBE_PROXY_VOLUME UNITY_LIGHTMAP_FULL_HDR ok=1
Cmd: compileSnippet
  api=4 type=0 insize=1716 outsize=690 kw= pd=UNITY_ENABLE_REFLECTION_BUFFERS UNITY_USE_DITHER_MASK_FOR_ALPHABLENDED_SHADOWS UNITY_PBS_USE_BRDF1 UNITY_SPECCUBE_BOX_PROJECTION UNITY_SPECCUBE_BLENDING UNITY_ENABLE_DETAIL_NORMALMAP SHADER_API_DESKTOP UNITY_COLORSPACE_GAMMA UNITY_LIGHT_PROBE_PROXY_VOLUME UNITY_LIGHTMAP_FULL_HDR ok=1
Cmd: compileSnippet
  api=4 type=1 insize=1716 outsize=418 kw= pd=UNITY_ENABLE_REFLECTION_BUFFERS UNITY_USE_DITHER_MASK_FOR_ALPHABLENDED_SHADOWS UNITY_PBS_USE_BRDF1 UNITY_SPECCUBE_BOX_PROJECTION UNITY_SPECCUBE_BLENDING UNITY_ENABLE_DETAIL_NORMALMAP SHADER_API_DESKTOP UNITY_COLORSPACE_GAMMA UNITY_LIGHT_PROBE_PROXY_VOLUME UNITY_LIGHTMAP_FULL_HDR ok=1
Cmd: compileSnippet
  api=4 type=0 insize=1426 outsize=2854 kw=UNITY_PASS_FORWARDADD POINT _NORMALMAP _PARALLAXMAP _METALLICGLOSSMAP pd=UNITY_ENABLE_REFLECTION_BUFFERS UNITY_USE_DITHER_MASK_FOR_ALPHABLENDED_SHADOWS UNITY_PBS_USE_BRDF1 UNITY_SPECCUBE_BOX_PROJECTION UNITY_SPECCUBE_BLENDING UNITY_ENABLE_DETAIL_NORMALMAP SHADER_API_DESKTOP UNITY_COLORSPACE_GAMMA UNITY_LIGHT_PROBE_PROXY_VOLUME UNITY_LIGHTMAP_FULL_HDR ok=1
Cmd: compileSnippet
  api=4 type=1 insize=1426 outsize=4522 kw=UNITY_PASS_FORWARDADD POINT _NORMALMAP _PARALLAXMAP _METALLICGLOSSMAP pd=UNITY_ENABLE_REFLECTION_BUFFERS UNITY_USE_DITHER_MASK_FOR_ALPHABLENDED_SHADOWS UNITY_PBS_USE_BRDF1 UNITY_SPECCUBE_BOX_PROJECTION UNITY_SPECCUBE_BLENDING UNITY_ENABLE_DETAIL_NORMALMAP SHADER_API_DESKTOP UNITY_COLORSPACE_GAMMA UNITY_LIGHT_PROBE_PROXY_VOLUME UNITY_LIGHTMAP_FULL_HDR ok=1
Cmd: compileSnippet
  api=4 type=0 insize=1426 outsize=1918 kw=UNITY_PASS_FORWARDADD POINT _ALPHATEST_ON pd=UNITY_ENABLE_REFLECTION_BUFFERS UNITY_USE_DITHER_MASK_FOR_ALPHABLENDED_SHADOWS UNITY_PBS_USE_BRDF1 UNITY_SPECCUBE_BOX_PROJECTION UNITY_SPECCUBE_BLENDING UNITY_ENABLE_DETAIL_NORMALMAP SHADER_API_DESKTOP UNITY_COLORSPACE_GAMMA UNITY_LIGHT_PROBE_PROXY_VOLUME UNITY_LIGHTMAP_FULL_HDR ok=1
Cmd: compileSnippet
  api=4 type=1 insize=1426 outsize=3830 kw=UNITY_PASS_FORWARDADD POINT _ALPHATEST_ON pd=UNITY_ENABLE_REFLECTION_BUFFERS UNITY_USE_DITHER_MASK_FOR_ALPHABLENDED_SHADOWS UNITY_PBS_USE_BRDF1 UNITY_SPECCUBE_BOX_PROJECTION UNITY_SPECCUBE_BLENDING UNITY_ENABLE_DETAIL_NORMALMAP SHADER_API_DESKTOP UNITY_COLORSPACE_GAMMA UNITY_LIGHT_PROBE_PROXY_VOLUME UNITY_LIGHTMAP_FULL_HDR ok=1
Cmd: compileSnippet
  api=4 type=0 insize=2285 outsize=858 kw= pd=UNITY_ENABLE_REFLECTION_BUFFERS UNITY_USE_DITHER_MASK_FOR_ALPHABLENDED_SHADOWS UNITY_PBS_USE_BRDF1 UNITY_SPECCUBE_BOX_PROJECTION UNITY_SPECCUBE_BLENDING UNITY_ENABLE_DETAIL_NORMALMAP SHADER_API_DESKTOP UNITY_COLORSPACE_GAMMA UNITY_LIGHT_PROBE_PROXY_VOLUME UNITY_LIGHTMAP_FULL_HDR ok=1
Cmd: compileSnippet
  api=4 type=1 insize=2285 outsize=446 kw= pd=UNITY_ENABLE_REFLECTION_BUFFERS UNITY_USE_DITHER_MASK_FOR_ALPHABLENDED_SHADOWS UNITY_PBS_USE_BRDF1 UNITY_SPECCUBE_BOX_PROJECTION UNITY_SPECCUBE_BLENDING UNITY_ENABLE_DETAIL_NORMALMAP SHADER_API_DESKTOP UNITY_COLORSPACE_GAMMA UNITY_LIGHT_PROBE_PROXY_VOLUME UNITY_LIGHTMAP_FULL_HDR ok=1
Cmd: initializeCompiler
Cmd: initializeCompiler
